<?xml version="1.0" encoding="UTF-8"?>
<testsuite xmlns:xsi="http://www.w3.org/2001/XMLSchema-instance" xsi:noNamespaceSchemaLocation="https://maven.apache.org/surefire/maven-surefire-plugin/xsd/surefire-test-report-3.0.xsd" version="3.0" name="com.custom.kafka.connect.transforms.MetadataToUuidTest" time="0.032" tests="1" errors="0" skipped="0" failures="0">
  <properties>
    <property name="java.specification.version" value="23"/>
    <property name="sun.jnu.encoding" value="UTF-8"/>
    <property name="java.class.path" value="/run/media/blitz/Gaming/development/ntt/ntt/custom-kafka-transform/target/test-classes:/run/media/blitz/Gaming/development/ntt/ntt/custom-kafka-transform/target/classes:/home/blitz/.m2/repository/org/apache/kafka/connect-api/3.5.1/connect-api-3.5.1.jar:/home/blitz/.m2/repository/org/apache/kafka/kafka-clients/3.5.1/kafka-clients-3.5.1.jar:/home/blitz/.m2/repository/com/github/luben/zstd-jni/1.5.5-1/zstd-jni-1.5.5-1.jar:/home/blitz/.m2/repository/org/lz4/lz4-java/1.8.0/lz4-java-1.8.0.jar:/home/blitz/.m2/repository/org/xerial/snappy/snappy-java/1.1.10.1/snappy-java-1.1.10.1.jar:/home/blitz/.m2/repository/org/slf4j/slf4j-api/1.7.36/slf4j-api-1.7.36.jar:/home/blitz/.m2/repository/javax/ws/rs/javax.ws.rs-api/2.1.1/javax.ws.rs-api-2.1.1.jar:/home/blitz/.m2/repository/org/apache/kafka/connect-transforms/3.5.1/connect-transforms-3.5.1.jar:/home/blitz/.m2/repository/junit/junit/4.13.2/junit-4.13.2.jar:/home/blitz/.m2/repository/org/hamcrest/hamcrest-core/1.3/hamcrest-core-1.3.jar:"/>
    <property name="java.vm.vendor" value="Arch Linux"/>
    <property name="sun.arch.data.model" value="64"/>
    <property name="java.vendor.url" value="https://openjdk.org/"/>
    <property name="os.name" value="Linux"/>
    <property name="java.vm.specification.version" value="23"/>
    <property name="sun.java.launcher" value="SUN_STANDARD"/>
    <property name="user.country" value="ES"/>
    <property name="sun.boot.library.path" value="/usr/lib/jvm/java-23-openjdk/lib"/>
    <property name="sun.java.command" value="/run/media/blitz/Gaming/development/ntt/ntt/custom-kafka-transform/target/surefire/surefirebooter-20250205232133220_3.jar /run/media/blitz/Gaming/development/ntt/ntt/custom-kafka-transform/target/surefire 2025-02-05T23-21-33_124-jvmRun1 surefire-20250205232133220_1tmp surefire_0-20250205232133220_2tmp"/>
    <property name="jdk.debug" value="release"/>
    <property name="surefire.test.class.path" value="/run/media/blitz/Gaming/development/ntt/ntt/custom-kafka-transform/target/test-classes:/run/media/blitz/Gaming/development/ntt/ntt/custom-kafka-transform/target/classes:/home/blitz/.m2/repository/org/apache/kafka/connect-api/3.5.1/connect-api-3.5.1.jar:/home/blitz/.m2/repository/org/apache/kafka/kafka-clients/3.5.1/kafka-clients-3.5.1.jar:/home/blitz/.m2/repository/com/github/luben/zstd-jni/1.5.5-1/zstd-jni-1.5.5-1.jar:/home/blitz/.m2/repository/org/lz4/lz4-java/1.8.0/lz4-java-1.8.0.jar:/home/blitz/.m2/repository/org/xerial/snappy/snappy-java/1.1.10.1/snappy-java-1.1.10.1.jar:/home/blitz/.m2/repository/org/slf4j/slf4j-api/1.7.36/slf4j-api-1.7.36.jar:/home/blitz/.m2/repository/javax/ws/rs/javax.ws.rs-api/2.1.1/javax.ws.rs-api-2.1.1.jar:/home/blitz/.m2/repository/org/apache/kafka/connect-transforms/3.5.1/connect-transforms-3.5.1.jar:/home/blitz/.m2/repository/junit/junit/4.13.2/junit-4.13.2.jar:/home/blitz/.m2/repository/org/hamcrest/hamcrest-core/1.3/hamcrest-core-1.3.jar:"/>
    <property name="sun.cpu.endian" value="little"/>
    <property name="user.home" value="/home/blitz"/>
    <property name="user.language" value="es"/>
    <property name="java.specification.vendor" value="Oracle Corporation"/>
    <property name="java.version.date" value="2025-01-21"/>
    <property name="java.home" value="/usr/lib/jvm/java-23-openjdk"/>
    <property name="file.separator" value="/"/>
    <property name="basedir" value="/run/media/blitz/Gaming/development/ntt/ntt/custom-kafka-transform"/>
    <property name="java.vm.compressedOopsMode" value="Zero based"/>
    <property name="line.separator" value="&#10;"/>
    <property name="java.specification.name" value="Java Platform API Specification"/>
    <property name="java.vm.specification.vendor" value="Oracle Corporation"/>
    <property name="surefire.real.class.path" value="/run/media/blitz/Gaming/development/ntt/ntt/custom-kafka-transform/target/surefire/surefirebooter-20250205232133220_3.jar"/>
    <property name="sun.management.compiler" value="HotSpot 64-Bit Tiered Compilers"/>
    <property name="java.runtime.version" value="23.0.2"/>
    <property name="user.name" value="blitz"/>
    <property name="stdout.encoding" value="UTF-8"/>
    <property name="path.separator" value=":"/>
    <property name="os.version" value="6.13.1-arch1-1"/>
    <property name="java.runtime.name" value="OpenJDK Runtime Environment"/>
    <property name="file.encoding" value="UTF-8"/>
    <property name="java.vm.name" value="OpenJDK 64-Bit Server VM"/>
    <property name="localRepository" value="/home/blitz/.m2/repository"/>
    <property name="java.vendor.url.bug" value="https://bugreport.java.com/bugreport/"/>
    <property name="java.io.tmpdir" value="/tmp"/>
    <property name="java.version" value="23.0.2"/>
    <property name="user.dir" value="/run/media/blitz/Gaming/development/ntt/ntt/custom-kafka-transform"/>
    <property name="os.arch" value="amd64"/>
    <property name="java.vm.specification.name" value="Java Virtual Machine Specification"/>
    <property name="native.encoding" value="UTF-8"/>
    <property name="java.library.path" value=":/opt/cuda/lib64:/opt/cuda/lib:/usr/java/packages/lib:/usr/lib64:/lib64:/lib:/usr/lib"/>
    <property name="java.vm.info" value="mixed mode, sharing"/>
    <property name="stderr.encoding" value="UTF-8"/>
    <property name="java.vendor" value="Arch Linux"/>
    <property name="java.vm.version" value="23.0.2"/>
    <property name="sun.io.unicode.encoding" value="UnicodeLittle"/>
    <property name="java.class.version" value="67.0"/>
  </properties>
  <testcase name="testUuidGeneration" classname="com.custom.kafka.connect.transforms.MetadataToUuidTest" time="0.005"/>
</testsuite>